c:\users\msi-ge66\desktop\summer\acg\2019_2020_imatge_sintetica-001\2019_2020_imatge_sintetica\code\acg_framework_lab1\rtis_students_v2_2018\visualstudio2015\rtis_v2\x64\debug\vc143.pdb
c:\users\msi-ge66\desktop\summer\acg\2019_2020_imatge_sintetica-001\2019_2020_imatge_sintetica\code\acg_framework_lab1\rtis_students_v2_2018\visualstudio2015\rtis_v2\x64\debug\vc143.idb
c:\users\msi-ge66\desktop\summer\acg\2019_2020_imatge_sintetica-001\2019_2020_imatge_sintetica\code\acg_framework_lab1\rtis_students_v2_2018\visualstudio2015\rtacg\x64\debug\vc143.pdb
c:\users\msi-ge66\desktop\summer\acg\2019_2020_imatge_sintetica-001\2019_2020_imatge_sintetica\code\acg_framework_lab1\rtis_students_v2_2018\visualstudio2015\rtacg\x64\debug\vc143.idb
c:\users\msi-ge66\desktop\summer\acg\2019_2020_imatge_sintetica-001\2019_2020_imatge_sintetica\code\acg_framework_lab1\rtis_students_v2_2018\visualstudio2015\rtacg\x64\debug\main.obj
c:\users\msi-ge66\desktop\summer\acg\2019_2020_imatge_sintetica-001\2019_2020_imatge_sintetica\code\acg_framework_lab1\rtis_students_v2_2018\visualstudio2015\rtacg\x64\debug\utils.obj
c:\users\msi-ge66\desktop\summer\acg\2019_2020_imatge_sintetica-001\2019_2020_imatge_sintetica\code\auxiliar\acg_framework_lab1\rtacg_students_v2_2018\visualstudio2015\rtacg\x64\debug\vc143.pdb
c:\users\msi-ge66\desktop\summer\acg\2019_2020_imatge_sintetica-001\2019_2020_imatge_sintetica\code\auxiliar\acg_framework_lab1\rtacg_students_v2_2018\visualstudio2015\rtacg\x64\debug\vc143.idb
c:\users\msi-ge66\desktop\summer\acg\2019_2020_imatge_sintetica-001\2019_2020_imatge_sintetica\code\auxiliar\acg_framework_lab1\rtacg_students_v2_2018\visualstudio2015\rtacg\x64\debug\sphere.obj
c:\users\msi-ge66\desktop\summer\acg\2019_2020_imatge_sintetica-001\2019_2020_imatge_sintetica\code\auxiliar\acg_framework_lab1\rtacg_students_v2_2018\visualstudio2015\rtacg\x64\debug\shape.obj
c:\users\msi-ge66\desktop\summer\acg\2019_2020_imatge_sintetica-001\2019_2020_imatge_sintetica\code\auxiliar\acg_framework_lab1\rtacg_students_v2_2018\visualstudio2015\rtacg\x64\debug\infiniteplan.obj
c:\users\msi-ge66\desktop\summer\acg\2019_2020_imatge_sintetica-001\2019_2020_imatge_sintetica\code\auxiliar\acg_framework_lab1\rtacg_students_v2_2018\visualstudio2015\rtacg\x64\debug\shader.obj
c:\users\msi-ge66\desktop\summer\acg\2019_2020_imatge_sintetica-001\2019_2020_imatge_sintetica\code\auxiliar\acg_framework_lab1\rtacg_students_v2_2018\visualstudio2015\rtacg\x64\debug\intersectionshader.obj
c:\users\msi-ge66\desktop\summer\acg\2019_2020_imatge_sintetica-001\2019_2020_imatge_sintetica\code\auxiliar\acg_framework_lab1\rtacg_students_v2_2018\visualstudio2015\rtacg\x64\debug\material.obj
c:\users\msi-ge66\desktop\summer\acg\2019_2020_imatge_sintetica-001\2019_2020_imatge_sintetica\code\auxiliar\acg_framework_lab1\rtacg_students_v2_2018\visualstudio2015\rtacg\x64\debug\main.obj
c:\users\msi-ge66\desktop\summer\acg\2019_2020_imatge_sintetica-001\2019_2020_imatge_sintetica\code\auxiliar\acg_framework_lab1\rtacg_students_v2_2018\visualstudio2015\rtacg\x64\debug\pointlightsource.obj
c:\users\msi-ge66\desktop\summer\acg\2019_2020_imatge_sintetica-001\2019_2020_imatge_sintetica\code\auxiliar\acg_framework_lab1\rtacg_students_v2_2018\visualstudio2015\rtacg\x64\debug\vector3d.obj
c:\users\msi-ge66\desktop\summer\acg\2019_2020_imatge_sintetica-001\2019_2020_imatge_sintetica\code\auxiliar\acg_framework_lab1\rtacg_students_v2_2018\visualstudio2015\rtacg\x64\debug\utils.obj
c:\users\msi-ge66\desktop\summer\acg\2019_2020_imatge_sintetica-001\2019_2020_imatge_sintetica\code\auxiliar\acg_framework_lab1\rtacg_students_v2_2018\visualstudio2015\rtacg\x64\debug\tester.obj
c:\users\msi-ge66\desktop\summer\acg\2019_2020_imatge_sintetica-001\2019_2020_imatge_sintetica\code\auxiliar\acg_framework_lab1\rtacg_students_v2_2018\visualstudio2015\rtacg\x64\debug\ray.obj
c:\users\msi-ge66\desktop\summer\acg\2019_2020_imatge_sintetica-001\2019_2020_imatge_sintetica\code\auxiliar\acg_framework_lab1\rtacg_students_v2_2018\visualstudio2015\rtacg\x64\debug\matrix4x4.obj
c:\users\msi-ge66\desktop\summer\acg\2019_2020_imatge_sintetica-001\2019_2020_imatge_sintetica\code\auxiliar\acg_framework_lab1\rtacg_students_v2_2018\visualstudio2015\rtacg\x64\debug\intersection.obj
c:\users\msi-ge66\desktop\summer\acg\2019_2020_imatge_sintetica-001\2019_2020_imatge_sintetica\code\auxiliar\acg_framework_lab1\rtacg_students_v2_2018\visualstudio2015\rtacg\x64\debug\film.obj
c:\users\msi-ge66\desktop\summer\acg\2019_2020_imatge_sintetica-001\2019_2020_imatge_sintetica\code\auxiliar\acg_framework_lab1\rtacg_students_v2_2018\visualstudio2015\rtacg\x64\debug\eqsolver.obj
c:\users\msi-ge66\desktop\summer\acg\2019_2020_imatge_sintetica-001\2019_2020_imatge_sintetica\code\auxiliar\acg_framework_lab1\rtacg_students_v2_2018\visualstudio2015\rtacg\x64\debug\bitmap.obj
c:\users\msi-ge66\desktop\summer\acg\2019_2020_imatge_sintetica-001\2019_2020_imatge_sintetica\code\auxiliar\acg_framework_lab1\rtacg_students_v2_2018\visualstudio2015\rtacg\x64\debug\perspective.obj
c:\users\msi-ge66\desktop\summer\acg\2019_2020_imatge_sintetica-001\2019_2020_imatge_sintetica\code\auxiliar\acg_framework_lab1\rtacg_students_v2_2018\visualstudio2015\rtacg\x64\debug\ortographic.obj
c:\users\msi-ge66\desktop\summer\acg\2019_2020_imatge_sintetica-001\2019_2020_imatge_sintetica\code\auxiliar\acg_framework_lab1\rtacg_students_v2_2018\visualstudio2015\rtacg\x64\debug\camera.obj
c:\users\msi-ge66\desktop\summer\acg\2019_2020_imatge_sintetica-001\2019_2020_imatge_sintetica\code\acg_framework_lab1\rtis_students_v2_2018\visualstudio2015\rtacg\x64\debug\rt_acg.exe
c:\users\msi-ge66\desktop\summer\acg\2019_2020_imatge_sintetica-001\2019_2020_imatge_sintetica\code\acg_framework_lab1\rtis_students_v2_2018\visualstudio2015\rtacg\x64\debug\rt_acg.ilk
c:\users\msi-ge66\desktop\summer\acg\2019_2020_imatge_sintetica-001\2019_2020_imatge_sintetica\code\acg_framework_lab1\rtis_students_v2_2018\visualstudio2015\rtacg\x64\debug\rt_acg.pdb
c:\users\msi-ge66\desktop\summer\acg\2019_2020_imatge_sintetica-001\2019_2020_imatge_sintetica\code\auxiliar\acg_framework_lab1\rtacg_students_v2_2018\visualstudio2015\rtacg\x64\debug\rt_acg.exe
c:\users\msi-ge66\desktop\summer\acg\2019_2020_imatge_sintetica-001\2019_2020_imatge_sintetica\code\auxiliar\acg_framework_lab1\rtacg_students_v2_2018\visualstudio2015\rtacg\x64\debug\rt_acg.ilk
c:\users\msi-ge66\desktop\summer\acg\2019_2020_imatge_sintetica-001\2019_2020_imatge_sintetica\code\auxiliar\acg_framework_lab1\rtacg_students_v2_2018\visualstudio2015\rtacg\x64\debug\rt_acg.pdb
c:\users\msi-ge66\desktop\summer\acg\2019_2020_imatge_sintetica-001\2019_2020_imatge_sintetica\code\auxiliar\acg_framework_lab1\rtacg_students_v2_2018\visualstudio2015\rtacg\x64\debug\depthshader.obj
c:\users\msi-ge66\desktop\summer\acg\2019_2020_imatge_sintetica-001\2019_2020_imatge_sintetica\code\auxiliar\acg_framework_lab1\rtacg_students_v2_2018\visualstudio2015\rtacg\x64\debug\directshader.obj
c:\users\msi-ge66\desktop\summer\acg\2019_2020_imatge_sintetica-001\2019_2020_imatge_sintetica\code\auxiliar\acg_framework_lab1\rtacg_students_v2_2018\visualstudio2015\rtacg\x64\debug\mirror.obj
c:\users\msi-ge66\desktop\summer\acg\2019_2020_imatge_sintetica-001\2019_2020_imatge_sintetica\code\auxiliar\acg_framework_lab1\rtacg_students_v2_2018\visualstudio2015\rtacg\x64\debug\normalshader.obj
c:\users\msi-ge66\desktop\summer\acg\2019_2020_imatge_sintetica-001\2019_2020_imatge_sintetica\code\auxiliar\acg_framework_lab1\rtacg_students_v2_2018\visualstudio2015\rtacg\x64\debug\phong.obj
c:\users\msi-ge66\desktop\summer\acg\2019_2020_imatge_sintetica-001\2019_2020_imatge_sintetica\code\auxiliar\acg_framework_lab1\rtacg_students_v2_2018\visualstudio2015\rtacg\x64\debug\transmissive.obj
c:\users\msi-ge66\desktop\summer\acg\2019_2020_imatge_sintetica-001\2019_2020_imatge_sintetica\code\auxiliar\acg_framework_lab1\rtacg_students_v2_2018\visualstudio2015\rtacg\x64\debug\rtis_v2.ilk
c:\users\msi-ge66\desktop\summer\acg\2019_2020_imatge_sintetica-001\2019_2020_imatge_sintetica\code\auxiliar\acg_framework_lab1\rtacg_students_v2_2018\visualstudio2015\rtacg\x64\debug\rtis_v2.pdb
c:\users\msi-ge66\desktop\summer\acg\2019_2020_imatge_sintetica-001\2019_2020_imatge_sintetica\code\auxiliar\acg_framework_lab1\rtacg_students_v2_2018\visualstudio2015\rtacg\x64\debug\rt_acg.tlog\cl.command.1.tlog
c:\users\msi-ge66\desktop\summer\acg\2019_2020_imatge_sintetica-001\2019_2020_imatge_sintetica\code\auxiliar\acg_framework_lab1\rtacg_students_v2_2018\visualstudio2015\rtacg\x64\debug\rt_acg.tlog\cl.read.1.tlog
c:\users\msi-ge66\desktop\summer\acg\2019_2020_imatge_sintetica-001\2019_2020_imatge_sintetica\code\auxiliar\acg_framework_lab1\rtacg_students_v2_2018\visualstudio2015\rtacg\x64\debug\rt_acg.tlog\cl.write.1.tlog
c:\users\msi-ge66\desktop\summer\acg\2019_2020_imatge_sintetica-001\2019_2020_imatge_sintetica\code\auxiliar\acg_framework_lab1\rtacg_students_v2_2018\visualstudio2015\rtacg\x64\debug\rt_acg.tlog\link.command.1.tlog
c:\users\msi-ge66\desktop\summer\acg\2019_2020_imatge_sintetica-001\2019_2020_imatge_sintetica\code\auxiliar\acg_framework_lab1\rtacg_students_v2_2018\visualstudio2015\rtacg\x64\debug\rt_acg.tlog\link.read.1.tlog
c:\users\msi-ge66\desktop\summer\acg\2019_2020_imatge_sintetica-001\2019_2020_imatge_sintetica\code\auxiliar\acg_framework_lab1\rtacg_students_v2_2018\visualstudio2015\rtacg\x64\debug\rt_acg.tlog\link.write.1.tlog
